{"uuid":"e03cdfae-7252-46b8-8310-55cdce12aebd","historyId":"834bdb3fb6c7852bac55915aef6a1c86","fullName":"Array: Validate Array page","labels":[{"name":"tag","value":"array01"},{"name":"host","value":"UmaBalaji"},{"name":"thread","value":"6260@UmaBalaji.main(1)"},{"name":"feature","value":"Array"},{"name":"story","value":"Validate Array page"},{"name":"suite","value":"Array"},{"name":"testClass","value":"Validate Array page"},{"name":"framework","value":"cucumber4jvm"},{"name":"language","value":"java"},{"name":"gherkin_uri","value":"file:///C:/Users/umara/eclipse-workspace/ds_algo/src/test/resources/Features/05_Array.feature"},{"name":"package","value":"src.test.resources.Features.05_Array_feature.Array"}],"links":[],"name":"Validate Array page","status":"failed","statusDetails":{"known":false,"muted":false,"flaky":false,"message":"expected [Array] but found [NumpyNinja]","trace":"java.lang.AssertionError: expected [Array] but found [NumpyNinja]\r\n\tat org.testng.Assert.fail(Assert.java:110)\r\n\tat org.testng.Assert.failNotEquals(Assert.java:1577)\r\n\tat org.testng.Assert.assertEqualsImpl(Assert.java:149)\r\n\tat org.testng.Assert.assertEquals(Assert.java:131)\r\n\tat org.testng.Assert.assertEquals(Assert.java:655)\r\n\tat org.testng.Assert.assertEquals(Assert.java:665)\r\n\tat stepDefinitions.ArrayPage_SD.user_is_navigated_to_the_array_page(ArrayPage_SD.java:41)\r\n\tat ✽.User is navigated to the Array page(file:///C:/Users/umara/eclipse-workspace/ds_algo/src/test/resources/Features/05_Array.feature:13)\r\n"},"stage":"finished","steps":[{"name":"Given  User is logged in to HomePage","status":"passed","statusDetails":{"known":false,"muted":false,"flaky":false},"stage":"finished","steps":[],"attachments":[],"parameters":[],"start":1683520330117,"stop":1683520330606},{"name":"When  User clicks on Get Started button on Array panel","status":"passed","statusDetails":{"known":false,"muted":false,"flaky":false},"stage":"finished","steps":[],"attachments":[],"parameters":[],"start":1683520330610,"stop":1683520330904},{"name":"Then  User is navigated to the Array page","status":"failed","statusDetails":{"known":false,"muted":false,"flaky":false,"message":"expected [Array] but found [NumpyNinja]","trace":"java.lang.AssertionError: expected [Array] but found [NumpyNinja]\r\n\tat org.testng.Assert.fail(Assert.java:110)\r\n\tat org.testng.Assert.failNotEquals(Assert.java:1577)\r\n\tat org.testng.Assert.assertEqualsImpl(Assert.java:149)\r\n\tat org.testng.Assert.assertEquals(Assert.java:131)\r\n\tat org.testng.Assert.assertEquals(Assert.java:655)\r\n\tat org.testng.Assert.assertEquals(Assert.java:665)\r\n\tat stepDefinitions.ArrayPage_SD.user_is_navigated_to_the_array_page(ArrayPage_SD.java:41)\r\n\tat ✽.User is navigated to the Array page(file:///C:/Users/umara/eclipse-workspace/ds_algo/src/test/resources/Features/05_Array.feature:13)\r\n"},"stage":"finished","steps":[],"attachments":[],"parameters":[],"start":1683520330908,"stop":1683520330932}],"attachments":[],"parameters":[],"start":1683520330082,"stop":1683520331108}